2021-10-06 23:07:01 [main] [parseAllLines] [27] INFO  epam.task1.parser.impl.StrToDblArrayParser - Validaion was failed for: 45244kl.j
2021-10-06 23:07:01 [main] [parseAllLines] [39] INFO  epam.task1.parser.impl.StrToDblArrayParser - Empty Array []
2021-10-06 23:07:01 [main] [main] [57] ERROR by.epam.task1.main.Main - by.epam.task1.exception.ArrayException: Empty Array 
2021-10-06 23:07:35 [main] [parseAllLines] [27] INFO  epam.task1.parser.impl.StrToDblArrayParser - Validaion was failed for: 
2021-10-06 23:07:35 [main] [parseAllLines] [39] INFO  epam.task1.parser.impl.StrToDblArrayParser - Empty Array []
2021-10-06 23:07:35 [main] [parseAllLines] [27] INFO  epam.task1.parser.impl.StrToDblArrayParser - Validaion was failed for: 3.  87
2021-10-06 23:07:35 [main] [parseAllLines] [27] INFO  epam.task1.parser.impl.StrToDblArrayParser - Validaion was failed for: hsfh
2021-10-06 23:07:41 [main] [readFile] [27] INFO  epam.task1.reader.impl.ReaderFromFile - wrong/test.txt - the file was not found, 
java.io.FileNotFoundException: wrong\test.txt (Системе не удается найти указанный путь)
	at java.io.FileInputStream.open0(Native Method) ~[?:?]
	at java.io.FileInputStream.open(FileInputStream.java:211) ~[?:?]
	at java.io.FileInputStream.<init>(FileInputStream.java:153) ~[?:?]
	at java.io.FileReader.<init>(FileReader.java:120) ~[?:?]
	at by.epam.task1.reader.impl.ReaderFromFile.readFile(ReaderFromFile.java:21) ~[Array/:?]
	at by.epam.task1.reader.impl.ReaderFromFileTest.testReadExceptionFileNotFound(ReaderFromFileTest.java:30) ~[Array/:?]
	at jdk.internal.reflect.NativeMethodAccessorImpl.invoke0(Native Method) ~[?:?]
	at jdk.internal.reflect.NativeMethodAccessorImpl.invoke(NativeMethodAccessorImpl.java:78) ~[?:?]
	at jdk.internal.reflect.DelegatingMethodAccessorImpl.invoke(DelegatingMethodAccessorImpl.java:43) ~[?:?]
	at java.lang.reflect.Method.invoke(Method.java:567) ~[?:?]
	at org.testng.internal.MethodInvocationHelper.invokeMethod(MethodInvocationHelper.java:133) ~[testng-7.4.0.jar:7.4.0]
	at org.testng.internal.TestInvoker.invokeMethod(TestInvoker.java:598) ~[testng-7.4.0.jar:7.4.0]
	at org.testng.internal.TestInvoker.invokeTestMethod(TestInvoker.java:173) ~[testng-7.4.0.jar:7.4.0]
	at org.testng.internal.MethodRunner.runInSequence(MethodRunner.java:46) ~[testng-7.4.0.jar:7.4.0]
	at org.testng.internal.TestInvoker$MethodInvocationAgent.invoke(TestInvoker.java:824) ~[testng-7.4.0.jar:7.4.0]
	at org.testng.internal.TestInvoker.invokeTestMethods(TestInvoker.java:146) ~[testng-7.4.0.jar:7.4.0]
	at org.testng.internal.TestMethodWorker.invokeTestMethods(TestMethodWorker.java:146) ~[testng-7.4.0.jar:7.4.0]
	at org.testng.internal.TestMethodWorker.run(TestMethodWorker.java:128) ~[testng-7.4.0.jar:7.4.0]
	at java.util.ArrayList.forEach(ArrayList.java:1511) [?:?]
	at org.testng.TestRunner.privateRun(TestRunner.java:794) [testng-7.4.0.jar:7.4.0]
	at org.testng.TestRunner.run(TestRunner.java:596) [testng-7.4.0.jar:7.4.0]
	at org.testng.SuiteRunner.runTest(SuiteRunner.java:377) [testng-7.4.0.jar:7.4.0]
	at org.testng.SuiteRunner.runSequentially(SuiteRunner.java:371) [testng-7.4.0.jar:7.4.0]
	at org.testng.SuiteRunner.privateRun(SuiteRunner.java:332) [testng-7.4.0.jar:7.4.0]
	at org.testng.SuiteRunner.run(SuiteRunner.java:276) [testng-7.4.0.jar:7.4.0]
	at org.testng.SuiteRunnerWorker.runSuite(SuiteRunnerWorker.java:53) [testng-7.4.0.jar:7.4.0]
	at org.testng.SuiteRunnerWorker.run(SuiteRunnerWorker.java:96) [testng-7.4.0.jar:7.4.0]
	at org.testng.TestNG.runSuitesSequentially(TestNG.java:1212) [testng-7.4.0.jar:7.4.0]
	at org.testng.TestNG.runSuitesLocally(TestNG.java:1134) [testng-7.4.0.jar:7.4.0]
	at org.testng.TestNG.runSuites(TestNG.java:1063) [testng-7.4.0.jar:7.4.0]
	at org.testng.TestNG.run(TestNG.java:1031) [testng-7.4.0.jar:7.4.0]
	at com.intellij.rt.testng.IDEARemoteTestNG.run(IDEARemoteTestNG.java:66) [testng-rt.jar:?]
	at com.intellij.rt.testng.RemoteTestNGStarter.main(RemoteTestNGStarter.java:109) [testng-rt.jar:?]
